Arguments: 
  C:\Program Files\nodejs\node.exe C:\Users\victorchi\AppData\Roaming\npm\node_modules\yarn\bin\yarn.js init - y

PATH: 
  C:\Users\victorchi\Downloads\Compressed\cmder\bin;C:\Users\victorchi\Downloads\Compressed\cmder\vendor\conemu-maximus5\ConEmu\Scripts;C:\Users\victorchi\Downloads\Compressed\cmder\vendor\conemu-maximus5;C:\Users\victorchi\Downloads\Compressed\cmder\vendor\conemu-maximus5\ConEmu;C:\CUBRID\bin\;C:\Program Files (x86)\PC Connectivity Solution\;C:\Program Files (x86)\Common Files\Intel\Shared Files\cpp\bin\Intel64;C:\ProgramData\Oracle\Java\javapath;C:\Windows\system32;C:\Windows;C:\Windows\System32\Wbem;C:\Windows\System32\WindowsPowerShell\v1.0\;C:\Program Files (x86)\Intel\OpenCL SDK\2.0\bin\x86;C:\Program Files (x86)\Intel\OpenCL SDK\2.0\bin\x64;C:\Program Files (x86)\QuickTime\QTSystem;C:\opencv\build\x64\vc14\bin;C:\Program Files\nodejs\;C:\Program Files\Git\cmd;C:\Program Files\Redis\;C:\wamp\bin\php\php5.3.4;C:\ProgramData\ComposerSetup\bin;C:\curl-7.58.0-win64-mingw\bin;;C:\SocketeQ\windowsandroid_root\system\bin;C:\SocketeQ\windowsandroid_root\system\lib;C:\Users\victorchi\AppData\Roaming\npm;C:\Program Files\Microsoft VS Code\bin;C:\Users\victorchi\AppData\Roaming\Composer\vendor\bin;C:\Program Files\heroku\bin;C:\Program Files\Git\usr\bin;C:\Program Files\Git\usr\share\vim\vim74;C:\Users\victorchi\Downloads\Compressed\cmder\

Yarn version: 
  1.3.2

Node version: 
  8.9.1

Platform: 
  win32 x64

npm manifest: 
  No manifest

yarn manifest: 
  No manifest

Lockfile: 
  No lockfile

Trace: 
  Error: canceled
      at Interface.<anonymous> (C:\Users\victorchi\AppData\Roaming\npm\node_modules\yarn\lib\cli.js:121045:13)
      at emitNone (events.js:106:13)
      at Interface.emit (events.js:208:7)
      at Interface._ttyWrite (readline.js:775:16)
      at ReadStream.onkeypress (readline.js:160:10)
      at emitTwo (events.js:126:13)
      at ReadStream.emit (events.js:214:7)
      at emitKeys (internal/readline.js:420:14)
      at emitKeys.next (<anonymous>)
      at ReadStream.onData (readline.js:1011:36)
